#
# There is insufficient memory for the Java Runtime Environment to continue.
# Native memory allocation (mmap) failed to map 124780544 bytes for committing reserved memory.
# Possible reasons:
#   The system is out of physical RAM or swap space
#   The process is running with CompressedOops enabled, and the Java Heap may be blocking the growth of the native heap
# Possible solutions:
#   Reduce memory load on the system
#   Increase physical memory or swap space
#   Check if swap backing store is full
#   Decrease Java heap size (-Xmx/-Xms)
#   Decrease number of Java threads
#   Decrease Java thread stack sizes (-Xss)
#   Set larger code cache with -XX:ReservedCodeCacheSize=
#   JVM is running with Unscaled Compressed Oops mode in which the Java heap is
#     placed in the first 4GB address space. The Java Heap base address is the
#     maximum limit for the native heap growth. Please use -XX:HeapBaseMinAddress
#     to set the Java Heap base and to place the Java Heap above 4GB virtual address.
# This output file may be truncated or incomplete.
#
#  Out of Memory Error (os_linux.cpp:2756), pid=14538, tid=0x00007f448158f700
#
# JRE version: OpenJDK Runtime Environment (8.0_212-b03) (build 1.8.0_212-8u212-b03-0ubuntu1.18.04.1-b03)
# Java VM: OpenJDK 64-Bit Server VM (25.212-b03 mixed mode linux-amd64 compressed oops)
# Failed to write core dump. Core dumps have been disabled. To enable core dumping, try "ulimit -c unlimited" before starting Java again
#

---------------  T H R E A D  ---------------

Current thread (0x00007f449407e000):  VMThread [stack: 0x00007f4481490000,0x00007f4481590000] [id=14549]

Stack: [0x00007f4481490000,0x00007f4481590000],  sp=0x00007f448158e470,  free space=1017k
Native frames: (J=compiled Java code, j=interpreted, Vv=VM code, C=native code)
V  [libjvm.so+0xab46a2]
V  [libjvm.so+0x4db6b7]
V  [libjvm.so+0x8ef7b0]
V  [libjvm.so+0x8e68ce]
V  [libjvm.so+0x96a406]
V  [libjvm.so+0x96b778]
V  [libjvm.so+0x967d76]
V  [libjvm.so+0x9604b9]
V  [libjvm.so+0x456b63]
V  [libjvm.so+0xab5821]
V  [libjvm.so+0xabaea6]
V  [libjvm.so+0xab91e5]
V  [libjvm.so+0xab9abd]
V  [libjvm.so+0xab9e97]
V  [libjvm.so+0x8ecb42]

VM_Operation (0x00007f444f5018c0): CollectForMetadataAllocation, mode: safepoint, requested by thread 0x00007f4438003000


---------------  P R O C E S S  ---------------

Java Threads: ( => current thread )
  0x00007f442ca7e000 JavaThread "HikariPool-1 housekeeper" daemon [_thread_blocked, id=14587, stack(0x00007f444d4f5000,0x00007f444d5f6000)]
  0x00007f442c9c4800 JavaThread "Abandoned connection cleanup thread" daemon [_thread_blocked, id=14585, stack(0x00007f444d7f6000,0x00007f444d8f7000)]
  0x00007f442c997000 JavaThread "container-0" [_thread_blocked, id=14584, stack(0x00007f444d8f7000,0x00007f444d9f8000)]
  0x00007f442c995000 JavaThread "ContainerBackgroundProcessor[StandardEngine[Tomcat]]" daemon [_thread_blocked, id=14583, stack(0x00007f444d9f8000,0x00007f444daf9000)]
  0x00007f441405b800 JavaThread "JMX server connection timeout 24" daemon [_thread_blocked, id=14578, stack(0x00007f444e0fe000,0x00007f444e1ff000)]
  0x00007f4440001000 JavaThread "RMI TCP Connection(3)-127.0.0.1" daemon [_thread_in_native, id=14577, stack(0x00007f444e3ff000,0x00007f444e500000)]
  0x00007f4458001000 JavaThread "Attach Listener" daemon [_thread_blocked, id=14574, stack(0x00007f444f304000,0x00007f444f405000)]
  0x00007f441c003800 JavaThread "JMX server connection timeout 20" daemon [_thread_blocked, id=14571, stack(0x00007f444ed00000,0x00007f444ee01000)]
  0x00007f4444001800 JavaThread "RMI TCP Connection(2)-127.0.0.1" daemon [_thread_in_native, id=14570, stack(0x00007f444ee01000,0x00007f444ef02000)]
  0x00007f4424007800 JavaThread "RMI Scheduler(0)" daemon [_thread_blocked, id=14567, stack(0x00007f444ef02000,0x00007f444f003000)]
  0x00007f443c001800 JavaThread "RMI TCP Connection(1)-127.0.0.1" daemon [_thread_in_native, id=14566, stack(0x00007f444f003000,0x00007f444f104000)]
  0x00007f4438003000 JavaThread "restartedMain" [_thread_blocked, id=14564, stack(0x00007f444f405000,0x00007f444f506000)]
  0x00007f44948ce800 JavaThread "Thread-1" [_thread_blocked, id=14563, stack(0x00007f444f506000,0x00007f444f607000)]
  0x00007f449465f800 JavaThread "RMI TCP Accept-0" daemon [_thread_in_native, id=14561, stack(0x00007f444f908000,0x00007f444fa09000)]
  0x00007f4494651800 JavaThread "RMI TCP Accept-46649" daemon [_thread_in_native, id=14560, stack(0x00007f444fa09000,0x00007f444fb0a000)]
  0x00007f449463c000 JavaThread "RMI TCP Accept-0" daemon [_thread_in_native, id=14559, stack(0x00007f444fb0a000,0x00007f444fc0b000)]
  0x00007f44940c6000 JavaThread "Service Thread" daemon [_thread_blocked, id=14557, stack(0x00007f44803b9000,0x00007f44804ba000)]
  0x00007f44940c3800 JavaThread "C1 CompilerThread2" daemon [_thread_blocked, id=14556, stack(0x00007f44804bb000,0x00007f44805bb000)]
  0x00007f44940c1800 JavaThread "C2 CompilerThread1" daemon [_thread_blocked, id=14555, stack(0x00007f44805bc000,0x00007f44806bc000)]
  0x00007f44940be800 JavaThread "C2 CompilerThread0" daemon [_thread_blocked, id=14554, stack(0x00007f44806bd000,0x00007f44807bd000)]
  0x00007f44940bd000 JavaThread "Signal Dispatcher" daemon [_thread_blocked, id=14553, stack(0x00007f44807bd000,0x00007f44808be000)]
  0x00007f449408a800 JavaThread "Finalizer" daemon [_thread_blocked, id=14552, stack(0x00007f448128d000,0x00007f448138e000)]
  0x00007f4494088000 JavaThread "Reference Handler" daemon [_thread_blocked, id=14551, stack(0x00007f448138e000,0x00007f448148f000)]
  0x00007f4494010800 JavaThread "main" [_thread_blocked, id=14544, stack(0x00007f449a877000,0x00007f449a977000)]

Other Threads:
=>0x00007f449407e000 VMThread [stack: 0x00007f4481490000,0x00007f4481590000] [id=14549]
  0x00007f4494664000 WatcherThread [stack: 0x00007f444f808000,0x00007f444f908000] [id=14562]

VM state:at safepoint (normal execution)

VM Mutex/Monitor currently owned by a thread:  ([mutex/lock_event])
[0x00007f449400cf40] Threads_lock - owner thread: 0x00007f449407e000
[0x00007f449400d440] Heap_lock - owner thread: 0x00007f4438003000

heap address: 0x0000000084a00000, size: 1974 MB, Compressed Oops mode: 32-bit
Narrow klass base: 0x0000000000000000, Narrow klass shift: 3
Compressed class space size: 1073741824 Address: 0x0000000100000000

Heap:
 PSYoungGen      total 247296K, used 12785K [0x00000000d6e00000, 0x00000000e6c00000, 0x0000000100000000)
  eden space 234496K, 0% used [0x00000000d6e00000,0x00000000d6e00000,0x00000000e5300000)
  from space 12800K, 99% used [0x00000000e5300000,0x00000000e5f7c648,0x00000000e5f80000)
  to   space 9216K, 0% used [0x00000000e5f80000,0x00000000e5f80000,0x00000000e6880000)
 ParOldGen       total 44544K, used 12831K [0x0000000084a00000, 0x0000000087580000, 0x00000000d6e00000)
  object space 44544K, 28% used [0x0000000084a00000,0x0000000085687d38,0x0000000087580000)
 Metaspace       used 33746K, capacity 35408K, committed 35456K, reserved 1079296K
  class space    used 4373K, capacity 4702K, committed 4736K, reserved 1048576K

Card table byte_map: [0x00007f44839d9000,0x00007f4483db5000] byte_map_base: 0x00007f44835b4000

Marking Bits: (ParMarkBitMap*) 0x00007f4499b123c0
 Begin Bits: [0x00007f446c250000, 0x00007f446e128000)
 End Bits:   [0x00007f446e128000, 0x00007f4470000000)

Polling page: 0x00007f449a993000

CodeCache: size=245760Kb used=6976Kb max_used=6976Kb free=238783Kb
 bounds [0x00007f4484175000, 0x00007f4484855000, 0x00007f4493175000]
 total_blobs=3688 nmethods=3247 adapters=355
 compilation: enabled

Compilation events (10 events):
Event: 9.073 Thread 0x00007f44940c3800 3243       1       java.lang.reflect.Field::hashCode (19 bytes)
Event: 9.074 Thread 0x00007f44940c3800 nmethod 3243 0x00007f44848437d0 code [0x00007f4484843960, 0x00007f4484843b28]
Event: 9.074 Thread 0x00007f44940c3800 3244       1       java.lang.invoke.LambdaForm$DMH/474675244::invokeStatic_L4_L (20 bytes)
Event: 9.075 Thread 0x00007f44940c3800 nmethod 3244 0x00007f4484843c50 code [0x00007f4484843dc0, 0x00007f4484843f38]
Event: 9.075 Thread 0x00007f44940c3800 3245       1       org.springframework.beans.factory.config.InstantiationAwareBeanPostProcessorAdapter::postProcessAfterInstantiation (2 bytes)
Event: 9.075 Thread 0x00007f44940c3800 nmethod 3245 0x00007f4484844050 code [0x00007f44848441a0, 0x00007f44848442b0]
Event: 9.079 Thread 0x00007f44940c3800 3246       1       org.springframework.core.io.UrlResource::getURL (5 bytes)
Event: 9.079 Thread 0x00007f44940c3800 nmethod 3246 0x00007f4484844310 code [0x00007f4484844460, 0x00007f4484844570]
Event: 9.100 Thread 0x00007f44940c3800 3247   !   1       ch.qos.logback.classic.LoggerContext::getLogger (164 bytes)
Event: 9.104 Thread 0x00007f44940c3800 nmethod 3247 0x00007f44848445d0 code [0x00007f44848447a0, 0x00007f4484844d58]

GC Heap History (10 events):
Event: 2.660 GC heap after
Heap after GC invocations=5 (full 0):
 PSYoungGen      total 68608K, used 5106K [0x00000000d6e00000, 0x00000000dfd00000, 0x0000000100000000)
  eden space 63488K, 0% used [0x00000000d6e00000,0x00000000d6e00000,0x00000000dac00000)
  from space 5120K, 99% used [0x00000000dac00000,0x00000000db0fcb38,0x00000000db100000)
  to   space 9728K, 0% used [0x00000000df380000,0x00000000df380000,0x00000000dfd00000)
 ParOldGen       total 84992K, used 4544K [0x0000000084a00000, 0x0000000089d00000, 0x00000000d6e00000)
  object space 84992K, 5% used [0x0000000084a00000,0x0000000084e70218,0x0000000089d00000)
 Metaspace       used 20014K, capacity 20542K, committed 20736K, reserved 1067008K
  class space    used 2603K, capacity 2784K, committed 2816K, reserved 1048576K
}
Event: 2.685 GC heap before
{Heap before GC invocations=6 (full 0):
 PSYoungGen      total 68608K, used 7804K [0x00000000d6e00000, 0x00000000dfd00000, 0x0000000100000000)
  eden space 63488K, 4% used [0x00000000d6e00000,0x00000000d70a2668,0x00000000dac00000)
  from space 5120K, 99% used [0x00000000dac00000,0x00000000db0fcb38,0x00000000db100000)
  to   space 9728K, 0% used [0x00000000df380000,0x00000000df380000,0x00000000dfd00000)
 ParOldGen       total 84992K, used 4544K [0x0000000084a00000, 0x0000000089d00000, 0x00000000d6e00000)
  object space 84992K, 5% used [0x0000000084a00000,0x0000000084e70218,0x0000000089d00000)
 Metaspace       used 20653K, capacity 21194K, committed 21296K, reserved 1067008K
  class space    used 2671K, capacity 2850K, committed 2944K, reserved 1048576K
Event: 2.693 GC heap after
Heap after GC invocations=6 (full 0):
 PSYoungGen      total 135680K, used 4992K [0x00000000d6e00000, 0x00000000dfc00000, 0x0000000100000000)
  eden space 126976K, 0% used [0x00000000d6e00000,0x00000000d6e00000,0x00000000dea00000)
  from space 8704K, 57% used [0x00000000df380000,0x00000000df860020,0x00000000dfc00000)
  to   space 9216K, 0% used [0x00000000dea00000,0x00000000dea00000,0x00000000df300000)
 ParOldGen       total 84992K, used 4552K [0x0000000084a00000, 0x0000000089d00000, 0x00000000d6e00000)
  object space 84992K, 5% used [0x0000000084a00000,0x0000000084e72218,0x0000000089d00000)
 Metaspace       used 20653K, capacity 21194K, committed 21296K, reserved 1067008K
  class space    used 2671K, capacity 2850K, committed 2944K, reserved 1048576K
}
Event: 2.693 GC heap before
{Heap before GC invocations=7 (full 1):
 PSYoungGen      total 135680K, used 4992K [0x00000000d6e00000, 0x00000000dfc00000, 0x0000000100000000)
  eden space 126976K, 0% used [0x00000000d6e00000,0x00000000d6e00000,0x00000000dea00000)
  from space 8704K, 57% used [0x00000000df380000,0x00000000df860020,0x00000000dfc00000)
  to   space 9216K, 0% used [0x00000000dea00000,0x00000000dea00000,0x00000000df300000)
 ParOldGen       total 84992K, used 4552K [0x0000000084a00000, 0x0000000089d00000, 0x00000000d6e00000)
  object space 84992K, 5% used [0x0000000084a00000,0x0000000084e72218,0x0000000089d00000)
 Metaspace       used 20653K, capacity 21194K, committed 21296K, reserved 1067008K
  class space    used 2671K, capacity 2850K, committed 2944K, reserved 1048576K
Event: 2.728 GC heap after
Heap after GC invocations=7 (full 1):
 PSYoungGen      total 135680K, used 0K [0x00000000d6e00000, 0x00000000dfc00000, 0x0000000100000000)
  eden space 126976K, 0% used [0x00000000d6e00000,0x00000000d6e00000,0x00000000dea00000)
  from space 8704K, 0% used [0x00000000df380000,0x00000000df380000,0x00000000dfc00000)
  to   space 9216K, 0% used [0x00000000dea00000,0x00000000dea00000,0x00000000df300000)
 ParOldGen       total 44544K, used 5417K [0x0000000084a00000, 0x0000000087580000, 0x00000000d6e00000)
  object space 44544K, 12% used [0x0000000084a00000,0x0000000084f4a7a0,0x0000000087580000)
 Metaspace       used 20651K, capacity 21188K, committed 21296K, reserved 1067008K
  class space    used 2670K, capacity 2849K, committed 2944K, reserved 1048576K
}
Event: 4.274 GC heap before
{Heap before GC invocations=8 (full 1):
 PSYoungGen      total 135680K, used 126976K [0x00000000d6e00000, 0x00000000dfc00000, 0x0000000100000000)
  eden space 126976K, 100% used [0x00000000d6e00000,0x00000000dea00000,0x00000000dea00000)
  from space 8704K, 0% used [0x00000000df380000,0x00000000df380000,0x00000000dfc00000)
  to   space 9216K, 0% used [0x00000000dea00000,0x00000000dea00000,0x00000000df300000)
 ParOldGen       total 44544K, used 5417K [0x0000000084a00000, 0x0000000087580000, 0x00000000d6e00000)
  object space 44544K, 12% used [0x0000000084a00000,0x0000000084f4a7a0,0x0000000087580000)
 Metaspace       used 23252K, capacity 24064K, committed 24320K, reserved 1071104K
  class space    used 3047K, capacity 3261K, committed 3328K, reserved 1048576K
Event: 4.372 GC heap after
Heap after GC invocations=8 (full 1):
 PSYoungGen      total 136192K, used 6577K [0x00000000d6e00000, 0x00000000e6880000, 0x0000000100000000)
  eden space 126976K, 0% used [0x00000000d6e00000,0x00000000d6e00000,0x00000000dea00000)
  from space 9216K, 71% used [0x00000000dea00000,0x00000000df06c578,0x00000000df300000)
  to   space 9216K, 0% used [0x00000000e5f80000,0x00000000e5f80000,0x00000000e6880000)
 ParOldGen       total 44544K, used 5425K [0x0000000084a00000, 0x0000000087580000, 0x00000000d6e00000)
  object space 44544K, 12% used [0x0000000084a00000,0x0000000084f4c7a0,0x0000000087580000)
 Metaspace       used 23252K, capacity 24064K, committed 24320K, reserved 1071104K
  class space    used 3047K, capacity 3261K, committed 3328K, reserved 1048576K
}
Event: 7.540 GC heap before
{Heap before GC invocations=9 (full 1):
 PSYoungGen      total 136192K, used 133553K [0x00000000d6e00000, 0x00000000e6880000, 0x0000000100000000)
  eden space 126976K, 100% used [0x00000000d6e00000,0x00000000dea00000,0x00000000dea00000)
  from space 9216K, 71% used [0x00000000dea00000,0x00000000df06c578,0x00000000df300000)
  to   space 9216K, 0% used [0x00000000e5f80000,0x00000000e5f80000,0x00000000e6880000)
 ParOldGen       total 44544K, used 5425K [0x0000000084a00000, 0x0000000087580000, 0x00000000d6e00000)
  object space 44544K, 12% used [0x0000000084a00000,0x0000000084f4c7a0,0x0000000087580000)
 Metaspace       used 29413K, capacity 31000K, committed 31232K, reserved 1077248K
  class space    used 3933K, capacity 4238K, committed 4352K, reserved 1048576K
Event: 7.598 GC heap after
Heap after GC invocations=9 (full 1):
 PSYoungGen      total 243712K, used 9210K [0x00000000d6e00000, 0x00000000e6c00000, 0x0000000100000000)
  eden space 234496K, 0% used [0x00000000d6e00000,0x00000000d6e00000,0x00000000e5300000)
  from space 9216K, 99% used [0x00000000e5f80000,0x00000000e687ebe0,0x00000000e6880000)
  to   space 12800K, 0% used [0x00000000e5300000,0x00000000e5300000,0x00000000e5f80000)
 ParOldGen       total 44544K, used 11314K [0x0000000084a00000, 0x0000000087580000, 0x00000000d6e00000)
  object space 44544K, 25% used [0x0000000084a00000,0x000000008550cb98,0x0000000087580000)
 Metaspace       used 29413K, capacity 31000K, committed 31232K, reserved 1077248K
  class space    used 3933K, capacity 4238K, committed 4352K, reserved 1048576K
}
Event: 9.122 GC heap before
{Heap before GC invocations=10 (full 1):
 PSYoungGen      total 243712K, used 113243K [0x00000000d6e00000, 0x00000000e6c00000, 0x0000000100000000)
  eden space 234496K, 44% used [0x00000000d6e00000,0x00000000dd3982e8,0x00000000e5300000)
  from space 9216K, 99% used [0x00000000e5f80000,0x00000000e687ebe0,0x00000000e6880000)
  to   space 12800K, 0% used [0x00000000e5300000,0x00000000e5300000,0x00000000e5f80000)
 ParOldGen       total 44544K, used 11314K [0x0000000084a00000, 0x0000000087580000, 0x00000000d6e00000)
  object space 44544K, 25% used [0x0000000084a00000,0x000000008550cb98,0x0000000087580000)
 Metaspace       used 33746K, capacity 35408K, committed 35456K, reserved 1079296K
  class space    used 4373K, capacity 4702K, committed 4736K, reserved 1048576K

Deoptimization events (0 events):
No events

Classes redefined (0 events):
No events

Internal exceptions (10 events):
Event: 8.402 Thread 0x00007f4438003000 Exception <a 'java/lang/ArrayIndexOutOfBoundsException'> (0x00000000dba069e0) thrown at [/build/openjdk-8-fPix8r/openjdk-8-8u212-b03/src/hotspot/src/share/vm/runtime/sharedRuntime.cpp, line 605]
Event: 8.429 Thread 0x00007f4438003000 Exception <a 'java/lang/ArrayIndexOutOfBoundsException'> (0x00000000dbae5c20) thrown at [/build/openjdk-8-fPix8r/openjdk-8-8u212-b03/src/hotspot/src/share/vm/runtime/sharedRuntime.cpp, line 605]
Event: 8.447 Thread 0x00007f4438003000 Exception <a 'java/lang/ArrayIndexOutOfBoundsException'> (0x00000000dbb32550) thrown at [/build/openjdk-8-fPix8r/openjdk-8-8u212-b03/src/hotspot/src/share/vm/runtime/sharedRuntime.cpp, line 605]
Event: 8.447 Thread 0x00007f4438003000 Exception <a 'java/lang/ArrayIndexOutOfBoundsException'> (0x00000000dbb3c798) thrown at [/build/openjdk-8-fPix8r/openjdk-8-8u212-b03/src/hotspot/src/share/vm/runtime/sharedRuntime.cpp, line 605]
Event: 8.456 Thread 0x00007f4438003000 Exception <a 'java/lang/ArrayIndexOutOfBoundsException'> (0x00000000dbb7fbd0) thrown at [/build/openjdk-8-fPix8r/openjdk-8-8u212-b03/src/hotspot/src/share/vm/runtime/sharedRuntime.cpp, line 605]
Event: 8.463 Thread 0x00007f4438003000 Exception <a 'java/lang/ArrayIndexOutOfBoundsException'> (0x00000000dbccfdc0) thrown at [/build/openjdk-8-fPix8r/openjdk-8-8u212-b03/src/hotspot/src/share/vm/runtime/sharedRuntime.cpp, line 605]
Event: 8.501 Thread 0x00007f4444001800 Exception <a 'java/lang/reflect/InvocationTargetException'> (0x00000000da9a4e18) thrown at [/build/openjdk-8-fPix8r/openjdk-8-8u212-b03/src/hotspot/src/share/vm/runtime/reflection.cpp, line 1092]
Event: 8.505 Thread 0x00007f4438003000 Exception <a 'java/lang/ArrayIndexOutOfBoundsException'> (0x00000000dbd99368) thrown at [/build/openjdk-8-fPix8r/openjdk-8-8u212-b03/src/hotspot/src/share/vm/runtime/sharedRuntime.cpp, line 605]
Event: 8.505 Thread 0x00007f4438003000 Exception <a 'java/lang/ArrayIndexOutOfBoundsException'> (0x00000000dbd9ad30) thrown at [/build/openjdk-8-fPix8r/openjdk-8-8u212-b03/src/hotspot/src/share/vm/runtime/sharedRuntime.cpp, line 605]
Event: 9.016 Thread 0x00007f4444001800 Exception <a 'java/lang/reflect/InvocationTargetException'> (0x00000000da9a9378) thrown at [/build/openjdk-8-fPix8r/openjdk-8-8u212-b03/src/hotspot/src/share/vm/runtime/reflection.cpp, line 1092]

Events (10 events):
Event: 9.110 loading class org/hibernate/boot/registry/classloading/spi/ClassLoaderService done
Event: 9.113 loading class org/hibernate/internal/CoreLogging
Event: 9.113 loading class org/hibernate/internal/CoreLogging done
Event: 9.113 loading class org/hibernate/internal/CoreMessageLogger_$logger_en_US
Event: 9.113 loading class org/hibernate/internal/CoreMessageLogger_$logger_en_US done
Event: 9.113 loading class org/hibernate/internal/CoreMessageLogger_$logger_en
Event: 9.113 loading class org/hibernate/internal/CoreMessageLogger_$logger_en done
Event: 9.114 loading class org/hibernate/internal/CoreMessageLogger_$logger
Event: 9.114 loading class org/hibernate/internal/CoreMessageLogger_$logger done
Event: 9.121 Executing VM operation: CollectForMetadataAllocation


Dynamic libraries:
84a00000-87580000 rw-p 00000000 00:00 0 
87580000-d6e00000 ---p 00000000 00:00 0 
d6e00000-e6c00000 rw-p 00000000 00:00 0 
ee300000-100000000 ---p 00000000 00:00 0 
100000000-1004a0000 rw-p 00000000 00:00 0 
1004a0000-140000000 ---p 00000000 00:00 0 
561c250e9000-561c250ea000 r-xp 00000000 08:06 1062635                    /usr/lib/jvm/java-8-openjdk-amd64/jre/bin/java
561c252e9000-561c252ea000 r--p 00000000 08:06 1062635                    /usr/lib/jvm/java-8-openjdk-amd64/jre/bin/java
561c252ea000-561c252eb000 rw-p 00001000 08:06 1062635                    /usr/lib/jvm/java-8-openjdk-amd64/jre/bin/java
561c25fe0000-561c26001000 rw-p 00000000 00:00 0                          [heap]
7f4404000000-7f4404021000 rw-p 00000000 00:00 0 
7f4404021000-7f4408000000 ---p 00000000 00:00 0 
7f4408000000-7f4408021000 rw-p 00000000 00:00 0 
7f4408021000-7f440c000000 ---p 00000000 00:00 0 
7f440c000000-7f440c021000 rw-p 00000000 00:00 0 
7f440c021000-7f4410000000 ---p 00000000 00:00 0 
7f4410000000-7f4410021000 rw-p 00000000 00:00 0 
7f4410021000-7f4414000000 ---p 00000000 00:00 0 
7f4414000000-7f4414061000 rw-p 00000000 00:00 0 
7f4414061000-7f4418000000 ---p 00000000 00:00 0 
7f4418000000-7f4418021000 rw-p 00000000 00:00 0 
7f4418021000-7f441c000000 ---p 00000000 00:00 0 
7f441c000000-7f441c021000 rw-p 00000000 00:00 0 
7f441c021000-7f4420000000 ---p 00000000 00:00 0 
7f4420000000-7f4420021000 rw-p 00000000 00:00 0 
7f4420021000-7f4424000000 ---p 00000000 00:00 0 
7f4424000000-7f4424021000 rw-p 00000000 00:00 0 
7f4424021000-7f4428000000 ---p 00000000 00:00 0 
7f4428000000-7f4428021000 rw-p 00000000 00:00 0 
7f4428021000-7f442c000000 ---p 00000000 00:00 0 
7f442c000000-7f442cb21000 rw-p 00000000 00:00 0 
7f442cb21000-7f4430000000 ---p 00000000 00:00 0 
7f4430000000-7f44302ca000 rw-p 00000000 00:00 0 
7f44302ca000-7f4434000000 ---p 00000000 00:00 0 
7f4434000000-7f4434021000 rw-p 00000000 00:00 0 
7f4434021000-7f4438000000 ---p 00000000 00:00 0 
7f4438000000-7f4438021000 rw-p 00000000 00:00 0 
7f4438021000-7f443c000000 ---p 00000000 00:00 0 
7f443c000000-7f443c021000 rw-p 00000000 00:00 0 
7f443c021000-7f4440000000 ---p 00000000 00:00 0 
7f4440000000-7f4440021000 rw-p 00000000 00:00 0 
7f4440021000-7f4444000000 ---p 00000000 00:00 0 
7f4444000000-7f4444021000 rw-p 00000000 00:00 0 
7f4444021000-7f4448000000 ---p 00000000 00:00 0 
7f4448000000-7f4448021000 rw-p 00000000 00:00 0 
7f4448021000-7f444c000000 ---p 00000000 00:00 0 
7f444d4f5000-7f444d4f8000 ---p 00000000 00:00 0 
7f444d4f8000-7f444d7f6000 rw-p 00000000 00:00 0 
7f444d7f6000-7f444d7f9000 ---p 00000000 00:00 0 
7f444d7f9000-7f444d8f7000 rw-p 00000000 00:00 0 
7f444d8f7000-7f444d8fa000 ---p 00000000 00:00 0 
7f444d8fa000-7f444d9f8000 rw-p 00000000 00:00 0 
7f444d9f8000-7f444d9fb000 ---p 00000000 00:00 0 
7f444d9fb000-7f444dcf9000 rw-p 00000000 00:00 0 
7f444dcf9000-7f444dcfe000 r--s 002f9000 08:06 1062685                    /usr/lib/jvm/java-8-openjdk-amd64/jre/lib/charsets.jar
7f444dcfe000-7f444defe000 rw-p 00000000 00:00 0 
7f444defe000-7f444e0fe000 rw-p 00000000 00:00 0 
7f444e0fe000-7f444e101000 ---p 00000000 00:00 0 
7f444e101000-7f444e3ff000 rw-p 00000000 00:00 0 
7f444e3ff000-7f444e402000 ---p 00000000 00:00 0 
7f444e402000-7f444e700000 rw-p 00000000 00:00 0 
7f444e700000-7f444e900000 rw-p 00000000 00:00 0 
7f444e900000-7f444eb00000 rw-p 00000000 00:00 0 
7f444eb00000-7f444ed00000 rw-p 00000000 00:00 0 
7f444ed00000-7f444ed03000 ---p 00000000 00:00 0 
7f444ed03000-7f444ee01000 rw-p 00000000 00:00 0 
7f444ee01000-7f444ee04000 ---p 00000000 00:00 0 
7f444ee04000-7f444ef02000 rw-p 00000000 00:00 0 
7f444ef02000-7f444ef05000 ---p 00000000 00:00 0 
7f444ef05000-7f444f003000 rw-p 00000000 00:00 0 
7f444f003000-7f444f006000 ---p 00000000 00:00 0 
7f444f006000-7f444f304000 rw-p 00000000 00:00 0 
7f444f304000-7f444f307000 ---p 00000000 00:00 0 
7f444f307000-7f444f405000 rw-p 00000000 00:00 0 
7f444f405000-7f444f408000 ---p 00000000 00:00 0 
7f444f408000-7f444f506000 rw-p 00000000 00:00 0 
7f444f506000-7f444f509000 ---p 00000000 00:00 0 
7f444f509000-7f444f807000 rw-p 00000000 00:00 0 
7f444f807000-7f444f808000 ---p 00000000 00:00 0 
7f444f808000-7f444f908000 rw-p 00000000 00:00 0 
7f444f908000-7f444f90b000 ---p 00000000 00:00 0 
7f444f90b000-7f444fa09000 rw-p 00000000 00:00 0 
7f444fa09000-7f444fa0c000 ---p 00000000 00:00 0 
7f444fa0c000-7f444fb0a000 rw-p 00000000 00:00 0 
7f444fb0a000-7f444fb0d000 ---p 00000000 00:00 0 
7f444fb0d000-7f444fc0b000 rw-p 00000000 00:00 0 
7f444fc0b000-7f444fc0f000 r--s 000a1000 08:06 1062718                    /usr/lib/jvm/java-8-openjdk-amd64/jre/lib/jsse.jar
7f444fc0f000-7f444fc10000 r--s 00005000 08:06 3033950                    /home/eniyew/.m2/repository/org/springframework/spring-jcl/5.1.3.RELEASE/spring-jcl-5.1.3.RELEASE.jar
7f444fc10000-7f444fc28000 r--s 00123000 08:06 3033943                    /home/eniyew/.m2/repository/org/springframework/spring-core/5.1.3.RELEASE/spring-core-5.1.3.RELEASE.jar
7f444fc28000-7f444fc3f000 r--s 00188000 08:06 3147211                    /home/eniyew/.m2/repository/org/projectlombok/lombok/1.18.4/lombok-1.18.4.jar
7f444fc3f000-7f444fc56000 r--s 001f2000 08:06 2890480                    /home/eniyew/.m2/repository/mysql/mysql-connector-java/8.0.13/mysql-connector-java-8.0.13.jar
7f444fc56000-7f444fc7a000 r--s 00113000 08:06 3033975                    /home/eniyew/.m2/repository/org/springframework/boot/spring-boot-autoconfigure/2.1.1.RELEASE/spring-boot-autoconfigure-2.1.1.RELEASE.jar
7f444fc7a000-7f444fc8f000 r--s 000d5000 08:06 2890486                    /home/eniyew/.m2/repository/org/springframework/boot/spring-boot/2.1.1.RELEASE/spring-boot-2.1.1.RELEASE.jar
7f444fc8f000-7f444fc95000 r--s 0002e000 08:06 3147212                    /home/eniyew/.m2/repository/org/springframework/boot/spring-boot-devtools/2.1.1.RELEASE/spring-boot-devtools-2.1.1.RELEASE.jar
7f444fc95000-7f444fc9a000 r--s 00040000 08:06 3033966                    /home/eniyew/.m2/repository/org/springframework/spring-expression/5.1.3.RELEASE/spring-expression-5.1.3.RELEASE.jar
7f444fc9a000-7f444fca9000 r--s 000b5000 08:06 2761457                    /home/eniyew/.m2/repository/org/springframework/spring-webmvc/5.1.3.RELEASE/spring-webmvc-5.1.3.RELEASE.jar
7f444fca9000-7f444fcc5000 r--s 00135000 08:06 3147205                    /home/eniyew/.m2/repository/org/springframework/spring-web/5.1.3.RELEASE/spring-web-5.1.3.RELEASE.jar
7f444fcc5000-7f444fcca000 r--s 00012000 08:06 2760207                    /home/eniyew/.m2/repository/javax/validation/validation-api/2.0.1.Final/validation-api-2.0.1.Final.jar
7f444fcca000-7f444fce7000 r--s 000fe000 08:06 3147204                    /home/eniyew/.m2/repository/org/hibernate/validator/hibernate-validator/6.0.13.Final/hibernate-validator-6.0.13.Final.jar
7f444fce7000-7f444fced000 r--s 0003b000 08:06 2890464                    /home/eniyew/.m2/repository/org/apache/tomcat/embed/tomcat-embed-websocket/9.0.13/tomcat-embed-websocket-9.0.13.jar
7f444fced000-7f444fcf2000 r--s 00039000 08:06 2890454                    /home/eniyew/.m2/repository/org/apache/tomcat/embed/tomcat-embed-el/9.0.13/tomcat-embed-el-9.0.13.jar
7f444fcf2000-7f444fd1b000 r--s 002ed000 08:06 2890461                    /home/eniyew/.m2/repository/org/apache/tomcat/embed/tomcat-embed-core/9.0.13/tomcat-embed-core-9.0.13.jar
7f444fd1b000-7f444fd1c000 r--s 00000000 08:06 2890458                    /home/eniyew/.m2/repository/org/springframework/boot/spring-boot-starter-tomcat/2.1.1.RELEASE/spring-boot-starter-tomcat-2.1.1.RELEASE.jar
7f444fd1c000-7f444fd1e000 r--s 00001000 08:06 3147209                    /home/eniyew/.m2/repository/com/fasterxml/jackson/module/jackson-module-parameter-names/2.9.7/jackson-module-parameter-names-2.9.7.jar
7f444fd1e000-7f444fd21000 r--s 00016000 08:06 3147200                    /home/eniyew/.m2/repository/com/fasterxml/jackson/datatype/jackson-datatype-jsr310/2.9.7/jackson-datatype-jsr310-2.9.7.jar
7f444fd21000-7f444fd23000 r--s 00007000 08:06 3147198                    /home/eniyew/.m2/repository/com/fasterxml/jackson/datatype/jackson-datatype-jdk8/2.9.7/jackson-datatype-jdk8-2.9.7.jar
7f444fd23000-7f444fd27000 r--s 0004c000 08:06 3147195                    /home/eniyew/.m2/repository/com/fasterxml/jackson/core/jackson-core/2.9.7/jackson-core-2.9.7.jar
7f444fd27000-7f444fd2a000 r--s 0000e000 08:06 2760225                    /home/eniyew/.m2/repository/com/fasterxml/jackson/core/jackson-annotations/2.9.0/jackson-annotations-2.9.0.jar
7f444fd2a000-7f444fd3d000 r--s 00137000 08:06 3147194                    /home/eniyew/.m2/repository/com/fasterxml/jackson/core/jackson-databind/2.9.7/jackson-databind-2.9.7.jar
7f444fd3d000-7f444fd3e000 r--s 00000000 08:06 3147191                    /home/eniyew/.m2/repository/org/springframework/boot/spring-boot-starter-json/2.1.1.RELEASE/spring-boot-starter-json-2.1.1.RELEASE.jar
7f444fd3e000-7f444fd3f000 r--s 00000000 08:06 3147189                    /home/eniyew/.m2/repository/org/springframework/boot/spring-boot-starter-web/2.1.1.RELEASE/spring-boot-starter-web-2.1.1.RELEASE.jar
7f444fd3f000-7f444fd40000 r--s 00009000 08:06 1341634                    /home/eniyew/.m2/repository/org/thymeleaf/extras/thymeleaf-extras-java8time/3.0.2.RELEASE/thymeleaf-extras-java8time-3.0.2.RELEASE.jar
7f444fd40000-7f444fd43000 r--s 00028000 08:06 2760198                    /home/eniyew/.m2/repository/org/unbescape/unbescape/1.1.6.RELEASE/unbescape-1.1.6.RELEASE.jar
7f444fd43000-7f444fd48000 r--s 00037000 08:06 2760196                    /home/eniyew/.m2/repository/org/attoparser/attoparser/2.0.5.RELEASE/attoparser-2.0.5.RELEASE.jar
7f444fd48000-7f444fd58000 r--s 000c5000 08:06 929632                     /home/eniyew/.m2/repository/org/thymeleaf/thymeleaf/3.0.11.RELEASE/thymeleaf-3.0.11.RELEASE.jar
7f444fd58000-7f444fd5d000 r--s 00027000 08:06 929625                     /home/eniyew/.m2/repository/org/thymeleaf/thymeleaf-spring5/3.0.11.RELEASE/thymeleaf-spring5-3.0.11.RELEASE.jar
7f444fd5d000-7f444fd5e000 r--s 00000000 08:06 3147187                    /home/eniyew/.m2/repository/org/springframework/boot/spring-boot-starter-thymeleaf/2.1.1.RELEASE/spring-boot-starter-thymeleaf-2.1.1.RELEASE.jar
7f444fd5e000-7f444fd67000 r--s 0005a000 08:06 3032940                    /home/eniyew/.m2/repository/org/springframework/spring-jdbc/5.1.3.RELEASE/spring-jdbc-5.1.3.RELEASE.jar
7f444fd67000-7f444fd6b000 r--s 00020000 08:06 2760152                    /home/eniyew/.m2/repository/com/zaxxer/HikariCP/3.2.0/HikariCP-3.2.0.jar
7f444fd6b000-7f444fdee000 r--s 00624000 08:06 3032942                    /home/eniyew/.m2/repository/org/hibernate/hibernate-core/5.3.7.Final/hibernate-core-5.3.7.Final.jar
7f444fdee000-7f444fdff000 r-xp 00000000 08:06 1062674                    /usr/lib/jvm/java-8-openjdk-amd64/jre/lib/amd64/libnio.so
7f444fdff000-7f444fffe000 ---p 00011000 08:06 1062674                    /usr/lib/jvm/java-8-openjdk-amd64/jre/lib/amd64/libnio.so
7f444fffe000-7f444ffff000 r--p 00010000 08:06 1062674                    /usr/lib/jvm/java-8-openjdk-amd64/jre/lib/amd64/libnio.so
7f444ffff000-7f4450000000 rw-p 00011000 08:06 1062674                    /usr/lib/jvm/java-8-openjdk-amd64/jre/lib/amd64/libnio.so
7f4450000000-7f4450021000 rw-p 00000000 00:00 0 
7f4450021000-7f4454000000 ---p 00000000 00:00 0 
7f4454000000-7f445456a000 rw-p 00000000 00:00 0 
7f445456a000-7f4458000000 ---p 00000000 00:00 0 
7f4458000000-7f4458021000 rw-p 00000000 00:00 0 
7f4458021000-7f445c000000 ---p 00000000 00:00 0 
7f445c000000-7f445c04e000 rw-p 00000000 00:00 0 
7f445c04e000-7f4460000000 ---p 00000000 00:00 0 
7f4460000000-7f4460021000 rw-p 00000000 00:00 0 
7f4460021000-7f4464000000 ---p 00000000 00:00 0 
7f4464000000-7f4464021000 rw-p 00000000 00:00 0 
7f4464021000-7f4468000000 ---p 00000000 00:00 0 
7f4468000000-7f4468021000 rw-p 00000000 00:00 0 
7f4468021000-7f446c000000 ---p 00000000 00:00 0 
7f446c000000-7f446c007000 r--s 00043000 08:06 2760142                    /home/eniyew/.m2/repository/org/yaml/snakeyaml/1.23/snakeyaml-1.23.jar
7f446c007000-7f446c009000 r--s 00005000 08:06 2760222                    /home/eniyew/.m2/repository/javax/annotation/javax.annotation-api/1.3.2/javax.annotation-api-1.3.2.jar
7f446c009000-7f446c00b000 r--s 00000000 08:06 3033960                    /home/eniyew/.m2/repository/org/slf4j/jul-to-slf4j/1.7.25/jul-to-slf4j-1.7.25.jar
7f446c00b000-7f446c011000 r--s 0003b000 08:06 2890476                    /home/eniyew/.m2/repository/org/apache/logging/log4j/log4j-api/2.11.1/log4j-api-2.11.1.jar
7f446c011000-7f446c013000 r--s 00003000 08:06 3033958                    /home/eniyew/.m2/repository/org/apache/logging/log4j/log4j-to-slf4j/2.11.1/log4j-to-slf4j-2.11.1.jar
7f446c013000-7f446c01e000 r--s 00069000 08:06 2760129                    /home/eniyew/.m2/repository/ch/qos/logback/logback-core/1.2.3/logback-core-1.2.3.jar
7f446c01e000-7f446c024000 r--s 00041000 08:06 2760126                    /home/eniyew/.m2/repository/ch/qos/logback/logback-classic/1.2.3/logback-classic-1.2.3.jar
7f446c024000-7f446c025000 r--s 00000000 08:06 3033956                    /home/eniyew/.m2/repository/org/springframework/boot/spring-boot-starter-logging/2.1.1.RELEASE/spring-boot-starter-logging-2.1.1.RELEASE.jar
7f446c025000-7f446c031000 r--s 00098000 08:06 2890479                    /home/eniyew/.m2/repository/org/springframework/spring-beans/5.1.3.RELEASE/spring-beans-5.1.3.RELEASE.jar
7f446c031000-7f446c039000 r--s 00037000 08:06 3033961                    /home/eniyew/.m2/repository/org/springframework/spring-tx/5.1.3.RELEASE/spring-tx-5.1.3.RELEASE.jar
7f446c039000-7f446c04f000 r-xp 00000000 08:06 1062673                    /usr/lib/jvm/java-8-openjdk-amd64/jre/lib/amd64/libnet.so
7f446c04f000-7f446c24e000 ---p 00016000 08:06 1062673                    /usr/lib/jvm/java-8-openjdk-amd64/jre/lib/amd64/libnet.so
7f446c24e000-7f446c24f000 r--p 00015000 08:06 1062673                    /usr/lib/jvm/java-8-openjdk-amd64/jre/lib/amd64/libnet.so
7f446c24f000-7f446c250000 rw-p 00016000 08:06 1062673                    /usr/lib/jvm/java-8-openjdk-amd64/jre/lib/amd64/libnet.so
7f446c250000-7f4470000000 rw-p 00000000 00:00 0 
7f4470000000-7f4470021000 rw-p 00000000 00:00 0 
7f4470021000-7f4474000000 ---p 00000000 00:00 0 
7f4474000000-7f4474021000 rw-p 00000000 00:00 0 
7f4474021000-7f4478000000 ---p 00000000 00:00 0 
7f4478000000-7f4478021000 rw-p 00000000 00:00 0 
7f4478021000-7f447c000000 ---p 00000000 00:00 0 
7f447c000000-7f447c021000 rw-p 00000000 00:00 0 
7f447c021000-7f4480000000 ---p 00000000 00:00 0 
7f4480000000-7f4480001000 r--s 00000000 08:06 2890471                    /home/eniyew/.m2/repository/org/springframework/boot/spring-boot-starter/2.1.1.RELEASE/spring-boot-starter-2.1.1.RELEASE.jar
7f4480001000-7f4480002000 r--s 00000000 08:06 3032937                    /home/eniyew/.m2/repository/org/springframework/boot/spring-boot-starter-jdbc/2.1.1.RELEASE/spring-boot-starter-jdbc-2.1.1.RELEASE.jar
7f4480002000-7f4480004000 r--s 0000a000 08:06 3033948                    /home/eniyew/.m2/repository/org/springframework/spring-aspects/5.1.3.RELEASE/spring-aspects-5.1.3.RELEASE.jar
7f4480004000-7f4480006000 r--s 00009000 08:06 3033964                    /home/eniyew/.m2/repository/org/slf4j/slf4j-api/1.7.25/slf4j-api-1.7.25.jar
7f4480006000-7f4480020000 r--s 000f3000 08:06 2629757                    /home/eniyew/.m2/repository/org/springframework/spring-context/5.1.3.RELEASE/spring-context-5.1.3.RELEASE.jar
7f4480020000-7f4480024000 r--s 0002d000 08:06 3033946                    /home/eniyew/.m2/repository/org/springframework/spring-orm/5.1.3.RELEASE/spring-orm-5.1.3.RELEASE.jar
7f4480024000-7f448003c000 r--s 00104000 08:06 3032943                    /home/eniyew/.m2/repository/org/springframework/data/spring-data-commons/2.1.3.RELEASE/spring-data-commons-2.1.3.RELEASE.jar
7f448003c000-7f4480044000 r--s 0004d000 08:06 3033952                    /home/eniyew/.m2/repository/org/springframework/data/spring-data-jpa/2.1.3.RELEASE/spring-data-jpa-2.1.3.RELEASE.jar
7f4480044000-7f4480047000 r--s 00010000 08:06 2760163                    /home/eniyew/.m2/repository/org/hibernate/common/hibernate-commons-annotations/5.0.4.Final/hibernate-commons-annotations-5.0.4.Final.jar
7f4480047000-7f448004c000 r--s 0004b000 08:06 2760183                    /home/eniyew/.m2/repository/org/dom4j/dom4j/2.1.1/dom4j-2.1.1.jar
7f448004c000-7f448004e000 r--s 0000f000 08:06 2760208                    /home/eniyew/.m2/repository/com/fasterxml/classmate/1.4.0/classmate-1.4.0.jar
7f448004e000-7f4480051000 r--s 0002b000 08:06 2760176                    /home/eniyew/.m2/repository/org/jboss/jandex/2.0.5.Final/jandex-2.0.5.Final.jar
7f4480051000-7f4480056000 r--s 00068000 08:06 2760174                    /home/eniyew/.m2/repository/antlr/antlr/2.7.7/antlr-2.7.7.jar
7f4480056000-7f4480061000 r--s 000b2000 08:06 2761452                    /home/eniyew/.m2/repository/org/javassist/javassist/3.23.1-GA/javassist-3.23.1-GA.jar
7f4480061000-7f4480067000 r--s 00023000 08:06 2760168                    /home/eniyew/.m2/repository/javax/persistence/javax.persistence-api/2.2/javax.persistence-api-2.2.jar
7f4480067000-7f4480069000 r--s 0000f000 08:06 2760200                    /home/eniyew/.m2/repository/org/jboss/logging/jboss-logging/3.3.2.Final/jboss-logging-3.3.2.Final.jar
7f4480069000-7f448006b000 r--s 0000c000 08:06 2760180                    /home/eniyew/.m2/repository/javax/activation/javax.activation-api/1.2.0/javax.activation-api-1.2.0.jar
7f448006b000-7f448006f000 r--s 0001c000 08:06 2760161                    /home/eniyew/.m2/repository/javax/xml/bind/jaxb-api/2.3.1/jaxb-api-2.3.1.jar
7f448006f000-7f4480070000 r--s 00006000 08:06 2760153                    /home/eniyew/.m2/repository/javax/transaction/javax.transaction-api/1.3/javax.transaction-api-1.3.jar
7f4480070000-7f4480089000 r--s 001de000 08:06 3032938                    /home/eniyew/.m2/repository/org/aspectj/aspectjweaver/1.9.2/aspectjweaver-1.9.2.jar
7f4480089000-7f4480093000 r--s 00051000 08:06 2761455                    /home/eniyew/.m2/repository/org/springframework/spring-aop/5.1.3.RELEASE/spring-aop-5.1.3.RELEASE.jar
7f4480093000-7f4480094000 r--s 00000000 08:06 2890469                    /home/eniyew/.m2/repository/org/springframework/boot/spring-boot-starter-aop/2.1.1.RELEASE/spring-boot-starter-aop-2.1.1.RELEASE.jar
7f4480094000-7f4480095000 r--s 00000000 08:06 2890467                    /home/eniyew/.m2/repository/org/springframework/boot/spring-boot-starter-data-jpa/2.1.1.RELEASE/spring-boot-starter-data-jpa-2.1.1.RELEASE.jar
7f4480095000-7f4480096000 r--s 00014000 08:06 2628920                    /home/eniyew/.m2/repository/com/squareup/okio/okio/1.14.1/okio-1.14.1.jar
7f4480096000-7f448009b000 r--s 00060000 08:06 2628918                    /home/eniyew/.m2/repository/com/squareup/okhttp3/okhttp/3.10.0/okhttp-3.10.0.jar
7f448009b000-7f44800a2000 r--s 00049000 08:06 2891459                    /home/eniyew/.m2/repository/org/apache/httpcomponents/httpcore/4.4.10/httpcore-4.4.10.jar
7f44800a2000-7f44800af000 r--s 000af000 08:06 2891457                    /home/eniyew/.m2/repository/org/apache/httpcomponents/httpclient/4.5.6/httpclient-4.5.6.jar
7f44800af000-7f44800b0000 r--s 00000000 08:06 3026704                    /home/eniyew/.m2/repository/org/codehaus/mojo/animal-sniffer-annotations/1.14/animal-sniffer-annotations-1.14.jar
7f44800b0000-7f44800b2000 r--s 00001000 08:06 2891471                    /home/eniyew/.m2/repository/com/google/j2objc/j2objc-annotations/1.1/j2objc-annotations-1.1.jar
7f44800b2000-7f44800b4000 r--s 00002000 08:06 2891469                    /home/eniyew/.m2/repository/com/google/errorprone/error_prone_annotations/2.1.3/error_prone_annotations-2.1.3.jar
7f44800b4000-7f44800b6000 r--s 00006000 08:06 935649                     /home/eniyew/.m2/repository/org/checkerframework/checker-compat-qual/2.0.0/checker-compat-qual-2.0.0.jar
7f44800b6000-7f44800b9000 r--s 00006000 08:06 2891467                    /home/eniyew/.m2/repository/com/google/code/findbugs/jsr305/1.3.9/jsr305-1.3.9.jar
7f44800b9000-7f44800eb000 r--s 0026b000 08:06 2891465                    /home/eniyew/.m2/repository/com/google/guava/guava/25.0-jre/guava-25.0-jre.jar
7f44800eb000-7f44800ed000 r--s 0000e000 08:06 2891451                    /home/eniyew/.m2/repository/commons-logging/commons-logging/1.2/commons-logging-1.2.jar
7f44800ed000-7f44800f4000 r--s 0004b000 08:06 2887824                    /home/eniyew/.m2/repository/commons-codec/commons-codec/1.11/commons-codec-1.11.jar
7f44800f4000-7f44800f6000 r--s 0000c000 08:06 2628922                    /home/eniyew/.m2/repository/org/apache/commons/commons-exec/1.3/commons-exec-1.3.jar
7f44800f6000-7f448013c000 r--s 002d2000 08:06 2890472                    /home/eniyew/.m2/repository/net/bytebuddy/byte-buddy/1.9.5/byte-buddy-1.9.5.jar
7f448013c000-7f4480141000 r--s 00022000 08:06 935596                     /home/eniyew/.m2/repository/org/seleniumhq/selenium/selenium-support/3.14.0/selenium-support-3.14.0.jar
7f4480141000-7f4480142000 r--s 00002000 08:06 935586                     /home/eniyew/.m2/repository/org/seleniumhq/selenium/selenium-safari-driver/3.14.0/selenium-safari-driver-3.14.0.jar
7f4480142000-7f4480148000 r--s 0004e000 08:06 935584                     /home/eniyew/.m2/repository/org/seleniumhq/selenium/selenium-remote-driver/3.14.0/selenium-remote-driver-3.14.0.jar
7f4480148000-7f4480163000 r--s 00394000 08:06 1062695                    /usr/lib/jvm/java-8-openjdk-amd64/jre/lib/ext/cldrdata.jar
7f4480163000-7f448017e000 r--s 001d6000 08:06 1062700                    /usr/lib/jvm/java-8-openjdk-amd64/jre/lib/ext/nashorn.jar
7f448017e000-7f44801af000 rw-p 00000000 00:00 0 
7f44801af000-7f44801b8000 r-xp 00000000 08:06 1062671                    /usr/lib/jvm/java-8-openjdk-amd64/jre/lib/amd64/libmanagement.so
7f44801b8000-7f44803b7000 ---p 00009000 08:06 1062671                    /usr/lib/jvm/java-8-openjdk-amd64/jre/lib/amd64/libmanagement.so
7f44803b7000-7f44803b8000 r--p 00008000 08:06 1062671                    /usr/lib/jvm/java-8-openjdk-amd64/jre/lib/amd64/libmanagement.so
7f44803b8000-7f44803b9000 rw-p 00009000 08:06 1062671                    /usr/lib/jvm/java-8-openjdk-amd64/jre/lib/amd64/libmanagement.so
7f44803b9000-7f44803bc000 ---p 00000000 00:00 0 
7f44803bc000-7f44804ba000 rw-p 00000000 00:00 0 
7f44804ba000-7f44804bb000 ---p 00000000 00:00 0 
7f44804bb000-7f44804be000 ---p 00000000 00:00 0 
7f44804be000-7f44805bb000 rw-p 00000000 00:00 0 
7f44805bb000-7f44805bc000 ---p 00000000 00:00 0 
7f44805bc000-7f44805bf000 ---p 00000000 00:00 0 
7f44805bf000-7f44806bc000 rw-p 00000000 00:00 0 
7f44806bc000-7f44806bd000 ---p 00000000 00:00 0 
7f44806bd000-7f44806c0000 ---p 00000000 00:00 0 
7f44806c0000-7f44807bd000 rw-p 00000000 00:00 0 
7f44807bd000-7f44807c0000 ---p 00000000 00:00 0 
7f44807c0000-7f44808be000 rw-p 00000000 00:00 0 
7f44808be000-7f448128d000 r--p 00000000 08:06 1055428                    /usr/lib/locale/locale-archive
7f448128d000-7f4481290000 ---p 00000000 00:00 0 
7f4481290000-7f448138e000 rw-p 00000000 00:00 0 
7f448138e000-7f4481391000 ---p 00000000 00:00 0 
7f4481391000-7f448148f000 rw-p 00000000 00:00 0 
7f448148f000-7f4481490000 ---p 00000000 00:00 0 
7f4481490000-7f4482523000 rw-p 00000000 00:00 0 
7f4482523000-7f44826f2000 r--s 03c3b000 08:06 1062724                    /usr/lib/jvm/java-8-openjdk-amd64/jre/lib/rt.jar
7f44826f2000-7f4483343000 rw-p 00000000 00:00 0 
7f4483343000-7f4483344000 ---p 00000000 00:00 0 
7f4483344000-7f4483444000 rw-p 00000000 00:00 0 
7f4483444000-7f4483445000 ---p 00000000 00:00 0 
7f4483445000-7f4483545000 rw-p 00000000 00:00 0 
7f4483545000-7f4483546000 ---p 00000000 00:00 0 
7f4483546000-7f4483646000 rw-p 00000000 00:00 0 
7f4483646000-7f4483647000 ---p 00000000 00:00 0 
7f4483647000-7f448375d000 rw-p 00000000 00:00 0 
7f448375d000-7f44839d9000 ---p 00000000 00:00 0 
7f44839d9000-7f44839ef000 rw-p 00000000 00:00 0 
7f44839ef000-7f4483c6b000 ---p 00000000 00:00 0 
7f4483c6b000-7f4483cea000 rw-p 00000000 00:00 0 
7f4483cea000-7f4483db4000 ---p 00000000 00:00 0 
7f4483db4000-7f4483dd1000 rw-p 00000000 00:00 0 
7f4483dd1000-7f4484175000 ---p 00000000 00:00 0 
7f4484175000-7f4484855000 rwxp 00000000 00:00 0 
7f4484855000-7f4493175000 ---p 00000000 00:00 0 
7f4493175000-7f449317d000 r-xp 00000000 08:06 1062681                    /usr/lib/jvm/java-8-openjdk-amd64/jre/lib/amd64/libzip.so
7f449317d000-7f449337c000 ---p 00008000 08:06 1062681                    /usr/lib/jvm/java-8-openjdk-amd64/jre/lib/amd64/libzip.so
7f449337c000-7f449337d000 r--p 00007000 08:06 1062681                    /usr/lib/jvm/java-8-openjdk-amd64/jre/lib/amd64/libzip.so
7f449337d000-7f449337e000 rw-p 00008000 08:06 1062681                    /usr/lib/jvm/java-8-openjdk-amd64/jre/lib/amd64/libzip.so
7f449337e000-7f4493389000 r-xp 00000000 08:06 2102829                    /lib/x86_64-linux-gnu/libnss_files-2.27.so
7f4493389000-7f4493588000 ---p 0000b000 08:06 2102829                    /lib/x86_64-linux-gnu/libnss_files-2.27.so
7f4493588000-7f4493589000 r--p 0000a000 08:06 2102829                    /lib/x86_64-linux-gnu/libnss_files-2.27.so
7f4493589000-7f449358a000 rw-p 0000b000 08:06 2102829                    /lib/x86_64-linux-gnu/libnss_files-2.27.so
7f449358a000-7f4493590000 rw-p 00000000 00:00 0 
7f4493590000-7f44935a7000 r-xp 00000000 08:06 2102823                    /lib/x86_64-linux-gnu/libnsl-2.27.so
7f44935a7000-7f44937a6000 ---p 00017000 08:06 2102823                    /lib/x86_64-linux-gnu/libnsl-2.27.so
7f44937a6000-7f44937a7000 r--p 00016000 08:06 2102823                    /lib/x86_64-linux-gnu/libnsl-2.27.so
7f44937a7000-7f44937a8000 rw-p 00017000 08:06 2102823                    /lib/x86_64-linux-gnu/libnsl-2.27.so
7f44937a8000-7f44937aa000 rw-p 00000000 00:00 0 
7f44937aa000-7f44937b5000 r-xp 00000000 08:06 2102840                    /lib/x86_64-linux-gnu/libnss_nis-2.27.so
7f44937b5000-7f44939b4000 ---p 0000b000 08:06 2102840                    /lib/x86_64-linux-gnu/libnss_nis-2.27.so
7f44939b4000-7f44939b5000 r--p 0000a000 08:06 2102840                    /lib/x86_64-linux-gnu/libnss_nis-2.27.so
7f44939b5000-7f44939b6000 rw-p 0000b000 08:06 2102840                    /lib/x86_64-linux-gnu/libnss_nis-2.27.so
7f44939b6000-7f44939be000 r-xp 00000000 08:06 2102825                    /lib/x86_64-linux-gnu/libnss_compat-2.27.so
7f44939be000-7f4493bbe000 ---p 00008000 08:06 2102825                    /lib/x86_64-linux-gnu/libnss_compat-2.27.so
7f4493bbe000-7f4493bbf000 r--p 00008000 08:06 2102825                    /lib/x86_64-linux-gnu/libnss_compat-2.27.so
7f4493bbf000-7f4493bc0000 rw-p 00009000 08:06 2102825                    /lib/x86_64-linux-gnu/libnss_compat-2.27.so
7f4493bc0000-7f4493bec000 r-xp 00000000 08:06 1062662                    /usr/lib/jvm/java-8-openjdk-amd64/jre/lib/amd64/libjava.so
7f4493bec000-7f4493deb000 ---p 0002c000 08:06 1062662                    /usr/lib/jvm/java-8-openjdk-amd64/jre/lib/amd64/libjava.so
7f4493deb000-7f4493dec000 r--p 0002b000 08:06 1062662                    /usr/lib/jvm/java-8-openjdk-amd64/jre/lib/amd64/libjava.so
7f4493dec000-7f4493dee000 rw-p 0002c000 08:06 1062662                    /usr/lib/jvm/java-8-openjdk-amd64/jre/lib/amd64/libjava.so
7f4493dee000-7f4493dfe000 r-xp 00000000 08:06 1062680                    /usr/lib/jvm/java-8-openjdk-amd64/jre/lib/amd64/libverify.so
7f4493dfe000-7f4493ffd000 ---p 00010000 08:06 1062680                    /usr/lib/jvm/java-8-openjdk-amd64/jre/lib/amd64/libverify.so
7f4493ffd000-7f4493fff000 r--p 0000f000 08:06 1062680                    /usr/lib/jvm/java-8-openjdk-amd64/jre/lib/amd64/libverify.so
7f4493fff000-7f4494000000 rw-p 00011000 08:06 1062680                    /usr/lib/jvm/java-8-openjdk-amd64/jre/lib/amd64/libverify.so
7f4494000000-7f44949ff000 rw-p 00000000 00:00 0 
7f44949ff000-7f4498000000 ---p 00000000 00:00 0 
7f4498000000-7f4498002000 r--s 00001000 08:06 935582                     /home/eniyew/.m2/repository/org/seleniumhq/selenium/selenium-opera-driver/3.14.0/selenium-opera-driver-3.14.0.jar
7f4498002000-7f4498003000 r--s 00003000 08:06 935580                     /home/eniyew/.m2/repository/org/seleniumhq/selenium/selenium-ie-driver/3.14.0/selenium-ie-driver-3.14.0.jar
7f4498003000-7f4498005000 r--s 000c3000 08:06 935578                     /home/eniyew/.m2/repository/org/seleniumhq/selenium/selenium-firefox-driver/3.14.0/selenium-firefox-driver-3.14.0.jar
7f4498005000-7f449800b000 r--s 00026000 08:06 935562                     /home/eniyew/.m2/repository/org/seleniumhq/selenium/selenium-api/3.14.0/selenium-api-3.14.0.jar
7f449800b000-7f4498011000 r--s 00045000 08:06 2890579                    /home/eniyew/.m2/repository/org/hamcrest/hamcrest-all/1.3/hamcrest-all-1.3.jar
7f4498011000-7f449805f000 rw-p 00000000 00:00 0 
7f449805f000-7f4498066000 r-xp 00000000 08:06 2102880                    /lib/x86_64-linux-gnu/librt-2.27.so
7f4498066000-7f4498265000 ---p 00007000 08:06 2102880                    /lib/x86_64-linux-gnu/librt-2.27.so
7f4498265000-7f4498266000 r--p 00006000 08:06 2102880                    /lib/x86_64-linux-gnu/librt-2.27.so
7f4498266000-7f4498267000 rw-p 00007000 08:06 2102880                    /lib/x86_64-linux-gnu/librt-2.27.so
7f4498267000-7f449827e000 r-xp 00000000 08:06 2104037                    /lib/x86_64-linux-gnu/libgcc_s.so.1
7f449827e000-7f449847d000 ---p 00017000 08:06 2104037                    /lib/x86_64-linux-gnu/libgcc_s.so.1
7f449847d000-7f449847e000 r--p 00016000 08:06 2104037                    /lib/x86_64-linux-gnu/libgcc_s.so.1
7f449847e000-7f449847f000 rw-p 00017000 08:06 2104037                    /lib/x86_64-linux-gnu/libgcc_s.so.1
7f449847f000-7f449861c000 r-xp 00000000 08:06 2102802                    /lib/x86_64-linux-gnu/libm-2.27.so
7f449861c000-7f449881b000 ---p 0019d000 08:06 2102802                    /lib/x86_64-linux-gnu/libm-2.27.so
7f449881b000-7f449881c000 r--p 0019c000 08:06 2102802                    /lib/x86_64-linux-gnu/libm-2.27.so
7f449881c000-7f449881d000 rw-p 0019d000 08:06 2102802                    /lib/x86_64-linux-gnu/libm-2.27.so
7f449881d000-7f4498996000 r-xp 00000000 08:06 1049026                    /usr/lib/x86_64-linux-gnu/libstdc++.so.6.0.25
7f4498996000-7f4498b96000 ---p 00179000 08:06 1049026                    /usr/lib/x86_64-linux-gnu/libstdc++.so.6.0.25
7f4498b96000-7f4498ba0000 r--p 00179000 08:06 1049026                    /usr/lib/x86_64-linux-gnu/libstdc++.so.6.0.25
7f4498ba0000-7f4498ba2000 rw-p 00183000 08:06 1049026                    /usr/lib/x86_64-linux-gnu/libstdc++.so.6.0.25
7f4498ba2000-7f4498ba6000 rw-p 00000000 00:00 0 
7f4498ba6000-7f4499843000 r-xp 00000000 08:06 1062684                    /usr/lib/jvm/java-8-openjdk-amd64/jre/lib/amd64/server/libjvm.so
7f4499843000-7f4499a42000 ---p 00c9d000 08:06 1062684                    /usr/lib/jvm/java-8-openjdk-amd64/jre/lib/amd64/server/libjvm.so
7f4499a42000-7f4499ad6000 r--p 00c9c000 08:06 1062684                    /usr/lib/jvm/java-8-openjdk-amd64/jre/lib/amd64/server/libjvm.so
7f4499ad6000-7f4499aff000 rw-p 00d30000 08:06 1062684                    /usr/lib/jvm/java-8-openjdk-amd64/jre/lib/amd64/server/libjvm.so
7f4499aff000-7f4499b2f000 rw-p 00000000 00:00 0 
7f4499b2f000-7f4499b49000 r-xp 00000000 08:06 2102872                    /lib/x86_64-linux-gnu/libpthread-2.27.so
7f4499b49000-7f4499d48000 ---p 0001a000 08:06 2102872                    /lib/x86_64-linux-gnu/libpthread-2.27.so
7f4499d48000-7f4499d49000 r--p 00019000 08:06 2102872                    /lib/x86_64-linux-gnu/libpthread-2.27.so
7f4499d49000-7f4499d4a000 rw-p 0001a000 08:06 2102872                    /lib/x86_64-linux-gnu/libpthread-2.27.so
7f4499d4a000-7f4499d4e000 rw-p 00000000 00:00 0 
7f4499d4e000-7f4499d51000 r-xp 00000000 08:06 2102762                    /lib/x86_64-linux-gnu/libdl-2.27.so
7f4499d51000-7f4499f50000 ---p 00003000 08:06 2102762                    /lib/x86_64-linux-gnu/libdl-2.27.so
7f4499f50000-7f4499f51000 r--p 00002000 08:06 2102762                    /lib/x86_64-linux-gnu/libdl-2.27.so
7f4499f51000-7f4499f52000 rw-p 00003000 08:06 2102762                    /lib/x86_64-linux-gnu/libdl-2.27.so
7f4499f52000-7f4499f6e000 r-xp 00000000 08:06 2102911                    /lib/x86_64-linux-gnu/libz.so.1.2.11
7f4499f6e000-7f449a16d000 ---p 0001c000 08:06 2102911                    /lib/x86_64-linux-gnu/libz.so.1.2.11
7f449a16d000-7f449a16e000 r--p 0001b000 08:06 2102911                    /lib/x86_64-linux-gnu/libz.so.1.2.11
7f449a16e000-7f449a16f000 rw-p 0001c000 08:06 2102911                    /lib/x86_64-linux-gnu/libz.so.1.2.11
7f449a16f000-7f449a356000 r-xp 00000000 08:06 2102739                    /lib/x86_64-linux-gnu/libc-2.27.so
7f449a356000-7f449a556000 ---p 001e7000 08:06 2102739                    /lib/x86_64-linux-gnu/libc-2.27.so
7f449a556000-7f449a55a000 r--p 001e7000 08:06 2102739                    /lib/x86_64-linux-gnu/libc-2.27.so
7f449a55a000-7f449a55c000 rw-p 001eb000 08:06 2102739                    /lib/x86_64-linux-gnu/libc-2.27.so
7f449a55c000-7f449a560000 rw-p 00000000 00:00 0 
7f449a560000-7f449a56e000 r-xp 00000000 08:06 1062648                    /usr/lib/jvm/java-8-openjdk-amd64/jre/lib/amd64/jli/libjli.so
7f449a56e000-7f449a76d000 ---p 0000e000 08:06 1062648                    /usr/lib/jvm/java-8-openjdk-amd64/jre/lib/amd64/jli/libjli.so
7f449a76d000-7f449a76e000 r--p 0000d000 08:06 1062648                    /usr/lib/jvm/java-8-openjdk-amd64/jre/lib/amd64/jli/libjli.so
7f449a76e000-7f449a76f000 rw-p 0000e000 08:06 1062648                    /usr/lib/jvm/java-8-openjdk-amd64/jre/lib/amd64/jli/libjli.so
7f449a76f000-7f449a796000 r-xp 00000000 08:06 2102711                    /lib/x86_64-linux-gnu/ld-2.27.so
7f449a796000-7f449a797000 r--s 00001000 08:06 935576                     /home/eniyew/.m2/repository/org/seleniumhq/selenium/selenium-edge-driver/3.14.0/selenium-edge-driver-3.14.0.jar
7f449a797000-7f449a798000 r--s 00002000 08:06 935564                     /home/eniyew/.m2/repository/org/seleniumhq/selenium/selenium-chrome-driver/3.14.0/selenium-chrome-driver-3.14.0.jar
7f449a798000-7f449a79e000 r--s 00050000 08:06 2889339                    /home/eniyew/.m2/repository/org/jsoup/jsoup/1.10.2/jsoup-1.10.2.jar
7f449a79e000-7f449a7a1000 r--s 00039000 08:06 1062703                    /usr/lib/jvm/java-8-openjdk-amd64/jre/lib/ext/sunpkcs11.jar
7f449a7a1000-7f449a7ab000 r--s 00116000 08:06 1062699                    /usr/lib/jvm/java-8-openjdk-amd64/jre/lib/ext/localedata.jar
7f449a7ab000-7f449a876000 rw-p 00000000 00:00 0 
7f449a876000-7f449a877000 ---p 00000000 00:00 0 
7f449a877000-7f449a87a000 ---p 00000000 00:00 0 
7f449a87a000-7f449a979000 rw-p 00000000 00:00 0 
7f449a979000-7f449a97a000 r--s 00000000 08:06 935637                     /home/eniyew/.m2/repository/org/seleniumhq/selenium/selenium-java/3.14.0/selenium-java-3.14.0.jar
7f449a97a000-7f449a97d000 r--s 0000f000 08:06 1062697                    /usr/lib/jvm/java-8-openjdk-amd64/jre/lib/ext/icedtea-sound.jar
7f449a97d000-7f449a982000 r--s 0003c000 08:06 1062702                    /usr/lib/jvm/java-8-openjdk-amd64/jre/lib/ext/sunjce_provider.jar
7f449a982000-7f449a984000 r--s 00001000 08:06 1062696                    /usr/lib/jvm/java-8-openjdk-amd64/jre/lib/ext/dnsns.jar
7f449a984000-7f449a986000 r--s 00008000 08:06 1062701                    /usr/lib/jvm/java-8-openjdk-amd64/jre/lib/ext/sunec.jar
7f449a986000-7f449a987000 r--s 0000a000 08:06 1062698                    /usr/lib/jvm/java-8-openjdk-amd64/jre/lib/ext/jaccess.jar
7f449a987000-7f449a988000 r--s 00010000 08:06 1062704                    /usr/lib/jvm/java-8-openjdk-amd64/jre/lib/ext/zipfs.jar
7f449a988000-7f449a98a000 r--s 00007000 08:06 1441862                    /usr/share/java/java-atk-wrapper.jar
7f449a98a000-7f449a992000 rw-s 00000000 08:06 3036195                    /tmp/hsperfdata_eniyew/14538
7f449a992000-7f449a993000 rw-p 00000000 00:00 0 
7f449a993000-7f449a994000 ---p 00000000 00:00 0 
7f449a994000-7f449a996000 rw-p 00000000 00:00 0 
7f449a996000-7f449a997000 r--p 00027000 08:06 2102711                    /lib/x86_64-linux-gnu/ld-2.27.so
7f449a997000-7f449a998000 rw-p 00028000 08:06 2102711                    /lib/x86_64-linux-gnu/ld-2.27.so
7f449a998000-7f449a999000 rw-p 00000000 00:00 0 
7ffc2d2da000-7ffc2d2fd000 rw-p 00000000 00:00 0                          [stack]
7ffc2d3d5000-7ffc2d3d8000 r--p 00000000 00:00 0                          [vvar]
7ffc2d3d8000-7ffc2d3da000 r-xp 00000000 00:00 0                          [vdso]
ffffffffff600000-ffffffffff601000 r-xp 00000000 00:00 0                  [vsyscall]

VM Arguments:
jvm_args: -Dcom.sun.management.jmxremote -Dcom.sun.management.jmxremote.port=46649 -Dcom.sun.management.jmxremote.authenticate=false -Dcom.sun.management.jmxremote.ssl=false -Djava.rmi.server.hostname=localhost -Dspring.jmx.enabled=true -Dspring.application.admin.enabled=true -Djava.security.egd=file:/dev/./urandom -Xverify:none -XX:TieredStopAtLevel=1 -Dfile.encoding=UTF-8 
java_command: com.example.demo.NewsApplication --spring.output.ansi.enabled=always
java_class_path (initial): /home/eniyew/Documents/workspace-spring-tool-suite-4-4.2.2.RELEASE/News/target/classes:/home/eniyew/.m2/repository/org/jsoup/jsoup/1.10.2/jsoup-1.10.2.jar:/home/eniyew/.m2/repository/org/hamcrest/hamcrest-all/1.3/hamcrest-all-1.3.jar:/home/eniyew/.m2/repository/org/seleniumhq/selenium/selenium-java/3.14.0/selenium-java-3.14.0.jar:/home/eniyew/.m2/repository/org/seleniumhq/selenium/selenium-api/3.14.0/selenium-api-3.14.0.jar:/home/eniyew/.m2/repository/org/seleniumhq/selenium/selenium-chrome-driver/3.14.0/selenium-chrome-driver-3.14.0.jar:/home/eniyew/.m2/repository/org/seleniumhq/selenium/selenium-edge-driver/3.14.0/selenium-edge-driver-3.14.0.jar:/home/eniyew/.m2/repository/org/seleniumhq/selenium/selenium-firefox-driver/3.14.0/selenium-firefox-driver-3.14.0.jar:/home/eniyew/.m2/repository/org/seleniumhq/selenium/selenium-ie-driver/3.14.0/selenium-ie-driver-3.14.0.jar:/home/eniyew/.m2/repository/org/seleniumhq/selenium/selenium-opera-driver/3.14.0/selenium-opera-driver-3.14.0.jar:/home/eniyew/.m2/repository/org/seleniumhq/selenium/selenium-remote-driver/3.14.0/selenium-remote-driver-3.14.0.jar:/home/eniyew/.m2/repository/org/seleniumhq/selenium/selenium-safari-driver/3.14.0/selenium-safari-driver-3.14.0.jar:/home/eniyew/.m2/repository/org/seleniumhq/selenium/selenium-support/3.14.0/selenium-support-3.14.0.jar:/home/eniyew/.m2/repository/net/bytebuddy/byte-buddy/1.9.5/byte-buddy-1.9.5.jar:/home/eniyew/.m2/repository/org/apache/commons/commons-exec/1.3/commons-exec-1.3.jar:/home/eniyew/.m2/repository/commons-codec/commons-codec/1.11/commons-codec-1.11.jar:/home/eniyew/.m2/repository/commons-logging/commons-logging/1.2/commons-logging-1.2.jar:/home/eniyew/.m2/repository/com/google/guava/guava/25.0-jre/guava-25.0-jre.jar:/home/eniyew/.m2/repository/com/google/code/findbugs/jsr305/1.3.9/jsr305-1.3.9.jar:/home/eniyew/.m2/repository/org/checkerframework/checker-compat-qual/2.0.0/checker-compat-qual-2.0.0.jar:/home/eniyew/.m2/repository/com/goo
Launcher Type: SUN_STANDARD

Environment Variables:
PATH=/home/eniyew/.local/bin:/home/eniyew/bin:/usr/local/sbin:/usr/local/bin:/usr/sbin:/usr/bin:/sbin:/bin:/usr/games:/usr/local/games:/snap/bin
USERNAME=eniyew
SHELL=/bin/bash
DISPLAY=:0

Signal Handlers:
SIGSEGV: [libjvm.so+0xab5000], sa_mask[0]=11111111011111111101111111111110, sa_flags=SA_RESTART|SA_SIGINFO
SIGBUS: [libjvm.so+0xab5000], sa_mask[0]=11111111011111111101111111111110, sa_flags=SA_RESTART|SA_SIGINFO
SIGFPE: [libjvm.so+0x8ea970], sa_mask[0]=11111111011111111101111111111110, sa_flags=SA_RESTART|SA_SIGINFO
SIGPIPE: [libjvm.so+0x8ea970], sa_mask[0]=11111111011111111101111111111110, sa_flags=SA_RESTART|SA_SIGINFO
SIGXFSZ: [libjvm.so+0x8ea970], sa_mask[0]=11111111011111111101111111111110, sa_flags=SA_RESTART|SA_SIGINFO
SIGILL: [libjvm.so+0x8ea970], sa_mask[0]=11111111011111111101111111111110, sa_flags=SA_RESTART|SA_SIGINFO
SIGUSR1: SIG_DFL, sa_mask[0]=00000000000000000000000000000000, sa_flags=none
SIGUSR2: [libjvm.so+0x8ea820], sa_mask[0]=00100000000000000000000000000000, sa_flags=SA_RESTART|SA_SIGINFO
SIGHUP: [libjvm.so+0x8eae90], sa_mask[0]=11111111011111111101111111111110, sa_flags=SA_RESTART|SA_SIGINFO
SIGINT: [libjvm.so+0x8eae90], sa_mask[0]=11111111011111111101111111111110, sa_flags=SA_RESTART|SA_SIGINFO
SIGTERM: [libjvm.so+0x8eae90], sa_mask[0]=11111111011111111101111111111110, sa_flags=SA_RESTART|SA_SIGINFO
SIGQUIT: [libjvm.so+0x8eae90], sa_mask[0]=11111111011111111101111111111110, sa_flags=SA_RESTART|SA_SIGINFO


---------------  S Y S T E M  ---------------

OS:DISTRIB_ID=Ubuntu
DISTRIB_RELEASE=18.04
DISTRIB_CODENAME=bionic
DISTRIB_DESCRIPTION="Ubuntu 18.04.1 LTS"

uname:Linux 4.15.0-29-generic #31-Ubuntu SMP Tue Jul 17 15:39:52 UTC 2018 x86_64
libc:glibc 2.27 NPTL 2.27 
rlimit: STACK 8192k, CORE 0k, NPROC 31341, NOFILE 4096, AS infinity
load average:3.39 1.76 1.50

/proc/meminfo:
MemTotal:        8082548 kB
MemFree:          108420 kB
MemAvailable:      29104 kB
Buffers:            3232 kB
Cached:           745624 kB
SwapCached:         2376 kB
Active:          6797352 kB
Inactive:         873724 kB
Active(anon):    6765752 kB
Inactive(anon):   845636 kB
Active(file):      31600 kB
Inactive(file):    28088 kB
Unevictable:          72 kB
Mlocked:              72 kB
SwapTotal:       2097148 kB
SwapFree:              4 kB
Dirty:               736 kB
Writeback:           172 kB
AnonPages:       6920660 kB
Mapped:           313608 kB
Shmem:            688616 kB
Slab:             126360 kB
SReclaimable:      59716 kB
SUnreclaim:        66644 kB
KernelStack:       20176 kB
PageTables:        89056 kB
NFS_Unstable:          0 kB
Bounce:                0 kB
WritebackTmp:          0 kB
CommitLimit:     6138420 kB
Committed_AS:   18124340 kB
VmallocTotal:   34359738367 kB
VmallocUsed:           0 kB
VmallocChunk:          0 kB
HardwareCorrupted:     0 kB
AnonHugePages:         0 kB
ShmemHugePages:        0 kB
ShmemPmdMapped:        0 kB
CmaTotal:              0 kB
CmaFree:               0 kB
HugePages_Total:       0
HugePages_Free:        0
HugePages_Rsvd:        0
HugePages_Surp:        0
Hugepagesize:       2048 kB
DirectMap4k:      252672 kB
DirectMap2M:     8050688 kB
DirectMap1G:     1048576 kB

container (cgroup) information:
container_type: cgroupv1
cpu_cpuset_cpus: 0-3
cpu_memory_nodes: 0
active_processor_count: 4
cpu_quota: -1
cpu_period: 100000
cpu_shares: -1
memory_limit_in_bytes: -1
memory_and_swap_limit_in_bytes: -2
memory_soft_limit_in_bytes: -1
memory_usage_in_bytes: 7855050752
memory_max_usage_in_bytes: 0


CPU:total 4 (initial active 4) (2 cores per cpu, 2 threads per core) family 6 model 69 stepping 1, cmov, cx8, fxsr, mmx, sse, sse2, sse3, ssse3, sse4.1, sse4.2, popcnt, avx, avx2, aes, clmul, erms, lzcnt, ht, tsc, tscinvbit, bmi1, bmi2

/proc/cpuinfo:
processor	: 0
vendor_id	: GenuineIntel
cpu family	: 6
model		: 69
model name	: Intel(R) Core(TM) i7-4500U CPU @ 1.80GHz
stepping	: 1
microcode	: 0x23
cpu MHz		: 2683.077
cache size	: 4096 KB
physical id	: 0
siblings	: 4
core id		: 0
cpu cores	: 2
apicid		: 0
initial apicid	: 0
fpu		: yes
fpu_exception	: yes
cpuid level	: 13
wp		: yes
flags		: fpu vme de pse tsc msr pae mce cx8 apic sep mtrr pge mca cmov pat pse36 clflush dts acpi mmx fxsr sse sse2 ss ht tm pbe syscall nx pdpe1gb rdtscp lm constant_tsc arch_perfmon pebs bts rep_good nopl xtopology nonstop_tsc cpuid aperfmperf pni pclmulqdq dtes64 monitor ds_cpl vmx est tm2 ssse3 sdbg fma cx16 xtpr pdcm pcid sse4_1 sse4_2 movbe popcnt tsc_deadline_timer aes xsave avx f16c rdrand lahf_lm abm cpuid_fault epb invpcid_single pti ibrs ibpb stibp tpr_shadow vnmi flexpriority ept vpid fsgsbase tsc_adjust bmi1 avx2 smep bmi2 erms invpcid xsaveopt dtherm ida arat pln pts
bugs		: cpu_meltdown spectre_v1 spectre_v2 spec_store_bypass
bogomips	: 4788.73
clflush size	: 64
cache_alignment	: 64
address sizes	: 39 bits physical, 48 bits virtual
power management:

processor	: 1
vendor_id	: GenuineIntel
cpu family	: 6
model		: 69
model name	: Intel(R) Core(TM) i7-4500U CPU @ 1.80GHz
stepping	: 1
microcode	: 0x23
cpu MHz		: 2683.133
cache size	: 4096 KB
physical id	: 0
siblings	: 4
core id		: 0
cpu cores	: 2
apicid		: 1
initial apicid	: 1
fpu		: yes
fpu_exception	: yes
cpuid level	: 13
wp		: yes
flags		: fpu vme de pse tsc msr pae mce cx8 apic sep mtrr pge mca cmov pat pse36 clflush dts acpi mmx fxsr sse sse2 ss ht tm pbe syscall nx pdpe1gb rdtscp lm constant_tsc arch_perfmon pebs bts rep_good nopl xtopology nonstop_tsc cpuid aperfmperf pni pclmulqdq dtes64 monitor ds_cpl vmx est tm2 ssse3 sdbg fma cx16 xtpr pdcm pcid sse4_1 sse4_2 movbe popcnt tsc_deadline_timer aes xsave avx f16c rdrand lahf_lm abm cpuid_fault epb invpcid_single pti ibrs ibpb stibp tpr_shadow vnmi flexpriority ept vpid fsgsbase tsc_adjust bmi1 avx2 smep bmi2 erms invpcid xsaveopt dtherm ida arat pln pts
bugs		: cpu_meltdown spectre_v1 spectre_v2 spec_store_bypass
bogomips	: 4788.73
clflush size	: 64
cache_alignment	: 64
address sizes	: 39 bits physical, 48 bits virtual
power management:

processor	: 2
vendor_id	: GenuineIntel
cpu family	: 6
model		: 69
model name	: Intel(R) Core(TM) i7-4500U CPU @ 1.80GHz
stepping	: 1
microcode	: 0x23
cpu MHz		: 2683.184
cache size	: 4096 KB
physical id	: 0
siblings	: 4
core id		: 1
cpu cores	: 2
apicid		: 2
initial apicid	: 2
fpu		: yes
fpu_exception	: yes
cpuid level	: 13
wp		: yes
flags		: fpu vme de pse tsc msr pae mce cx8 apic sep mtrr pge mca cmov pat pse36 clflush dts acpi mmx fxsr sse sse2 ss ht tm pbe syscall nx pdpe1gb rdtscp lm constant_tsc arch_perfmon pebs bts rep_good nopl xtopology nonstop_tsc cpuid aperfmperf pni pclmulqdq dtes64 monitor ds_cpl vmx est tm2 ssse3 sdbg fma cx16 xtpr pdcm pcid sse4_1 sse4_2 movbe popcnt tsc_deadline_timer aes xsave avx f16c rdrand lahf_lm abm cpuid_fault epb invpcid_single pti ibrs ibpb stibp tpr_shadow vnmi flexpriority ept vpid fsgsbase tsc_adjust bmi1 avx2 smep bmi2 erms invpcid xsaveopt dtherm ida arat pln pts
bugs		: cpu_meltdown spectre_v1 spectre_v2 spec_store_bypass
bogomips	: 4788.73
clflush size	: 64
cache_alignment	: 64
address sizes	: 39 bits physical, 48 bits virtual
power management:

processor	: 3
vendor_id	: GenuineIntel
cpu family	: 6
model		: 69
model name	: Intel(R) Core(TM) i7-4500U CPU @ 1.80GHz
stepping	: 1
microcode	: 0x23
cpu MHz		: 2683.238
cache size	: 4096 KB
physical id	: 0
siblings	: 4
core id		: 1
cpu cores	: 2
apicid		: 3
initial apicid	: 3
fpu		: yes
fpu_exception	: yes
cpuid level	: 13
wp		: yes
flags		: fpu vme de pse tsc msr pae mce cx8 apic sep mtrr pge mca cmov pat pse36 clflush dts acpi mmx fxsr sse sse2 ss ht tm pbe syscall nx pdpe1gb rdtscp lm constant_tsc arch_perfmon pebs bts rep_good nopl xtopology nonstop_tsc cpuid aperfmperf pni pclmulqdq dtes64 monitor ds_cpl vmx est tm2 ssse3 sdbg fma cx16 xtpr pdcm pcid sse4_1 sse4_2 movbe popcnt tsc_deadline_timer aes xsave avx f16c rdrand lahf_lm abm cpuid_fault epb invpcid_single pti ibrs ibpb stibp tpr_shadow vnmi flexpriority ept vpid fsgsbase tsc_adjust bmi1 avx2 smep bmi2 erms invpcid xsaveopt dtherm ida arat pln pts
bugs		: cpu_meltdown spectre_v1 spectre_v2 spec_store_bypass
bogomips	: 4788.73
clflush size	: 64
cache_alignment	: 64
address sizes	: 39 bits physical, 48 bits virtual
power management:



Memory: 4k page, physical 8082548k(105996k free), swap 2097148k(0k free)

vm_info: OpenJDK 64-Bit Server VM (25.212-b03) for linux-amd64 JRE (1.8.0_212-8u212-b03-0ubuntu1.18.04.1-b03), built on Apr 26 2019 01:04:36 by "buildd" with gcc 7.3.0

time: Tue Jul  9 17:22:46 2019
timezone: EDT
elapsed time: 9 seconds (0d 0h 0m 9s)

